<?xml version="1.0" encoding="UTF-8"?>
<!-- Generated by org.testng.reporters.JUnitReportReporter -->
<testsuite skipped="0" hostname="LAPTOP-D47N5MN1" name="AppiumMaven.AppiumM.ReadOTP" tests="2" failures="0" timestamp="08 Jul 2018 11:25:34 GMT" time="52.886" errors="0">
  <testcase name="test" time="0.001" classname="AppiumMaven.AppiumM.ReadOTP"/>
  <testcase name="getOtp" time="52.885" classname="AppiumMaven.AppiumM.ReadOTP"/>
</testsuite> <!-- AppiumMaven.AppiumM.ReadOTP -->
