<?xml version="1.0" encoding="UTF-8"?>
<!-- Generated by org.testng.reporters.JUnitReportReporter -->
<testsuite skipped="0" hostname="LAPTOP-D47N5MN1" name="AppiumMaven.AppiumM.AppTest" tests="2" failures="0" timestamp="09 Jul 2018 07:42:30 GMT" time="153.375" errors="0">
  <testcase name="Test1" time="88.291" classname="AppiumMaven.AppiumM.AppTest"/>
  <testcase name="Test1" time="65.084" classname="AppiumMaven.AppiumM.AppTest"/>
</testsuite> <!-- AppiumMaven.AppiumM.AppTest -->
